{"/Users/joaogoncalves/Desktop/portfolio-backend-nodejs/TAJS/modulo03-conceitos-tajs/aula06-e2e-tests/src/index.js": {"path":"/Users/joaogoncalves/Desktop/portfolio-backend-nodejs/TAJS/modulo03-conceitos-tajs/aula06-e2e-tests/src/index.js","all":false,"statementMap":{"0":{"start":{"line":1,"column":0},"end":{"line":1,"column":33}},"1":{"start":{"line":2,"column":0},"end":{"line":2,"column":0}},"2":{"start":{"line":3,"column":0},"end":{"line":3,"column":38}},"3":{"start":{"line":4,"column":0},"end":{"line":4,"column":41}},"4":{"start":{"line":5,"column":0},"end":{"line":5,"column":39}},"5":{"start":{"line":6,"column":0},"end":{"line":6,"column":80}},"6":{"start":{"line":7,"column":0},"end":{"line":7,"column":4}},"7":{"start":{"line":8,"column":0},"end":{"line":8,"column":1}},"8":{"start":{"line":9,"column":0},"end":{"line":9,"column":22}}},"s":{"0":1,"1":1,"2":1,"3":1,"4":1,"5":1,"6":1,"7":1,"8":1},"branchMap":{"0":{"type":"branch","line":4,"loc":{"start":{"line":4,"column":34},"end":{"line":7,"column":3}},"locations":[{"start":{"line":4,"column":34},"end":{"line":7,"column":3}}]}},"b":{"0":[1]},"fnMap":{},"f":{}}
,"/Users/joaogoncalves/Desktop/portfolio-backend-nodejs/TAJS/modulo03-conceitos-tajs/aula06-e2e-tests/src/person.js": {"path":"/Users/joaogoncalves/Desktop/portfolio-backend-nodejs/TAJS/modulo03-conceitos-tajs/aula06-e2e-tests/src/person.js","all":false,"statementMap":{"0":{"start":{"line":1,"column":0},"end":{"line":1,"column":14}},"1":{"start":{"line":2,"column":0},"end":{"line":2,"column":0}},"2":{"start":{"line":3,"column":0},"end":{"line":3,"column":27}},"3":{"start":{"line":4,"column":0},"end":{"line":4,"column":58}},"4":{"start":{"line":5,"column":0},"end":{"line":5,"column":56}},"5":{"start":{"line":6,"column":0},"end":{"line":6,"column":3}},"6":{"start":{"line":7,"column":0},"end":{"line":7,"column":0}},"7":{"start":{"line":8,"column":0},"end":{"line":8,"column":25}},"8":{"start":{"line":9,"column":0},"end":{"line":9,"column":56}},"9":{"start":{"line":10,"column":0},"end":{"line":10,"column":15}},"10":{"start":{"line":11,"column":0},"end":{"line":11,"column":45}},"11":{"start":{"line":12,"column":0},"end":{"line":12,"column":15}},"12":{"start":{"line":13,"column":0},"end":{"line":13,"column":38}},"13":{"start":{"line":14,"column":0},"end":{"line":14,"column":7}},"14":{"start":{"line":15,"column":0},"end":{"line":15,"column":3}},"15":{"start":{"line":16,"column":0},"end":{"line":16,"column":0}},"16":{"start":{"line":17,"column":0},"end":{"line":17,"column":24}},"17":{"start":{"line":18,"column":0},"end":{"line":18,"column":217}},"18":{"start":{"line":19,"column":0},"end":{"line":19,"column":82}},"19":{"start":{"line":20,"column":0},"end":{"line":20,"column":7}},"20":{"start":{"line":21,"column":0},"end":{"line":21,"column":52}},"21":{"start":{"line":22,"column":0},"end":{"line":22,"column":3}},"22":{"start":{"line":23,"column":0},"end":{"line":23,"column":0}},"23":{"start":{"line":24,"column":0},"end":{"line":24,"column":25}},"24":{"start":{"line":25,"column":0},"end":{"line":25,"column":27}},"25":{"start":{"line":26,"column":0},"end":{"line":26,"column":49}},"26":{"start":{"line":27,"column":0},"end":{"line":27,"column":41}},"27":{"start":{"line":28,"column":0},"end":{"line":28,"column":32}},"28":{"start":{"line":29,"column":0},"end":{"line":29,"column":17}},"29":{"start":{"line":30,"column":0},"end":{"line":30,"column":3}},"30":{"start":{"line":31,"column":0},"end":{"line":31,"column":1}},"31":{"start":{"line":32,"column":0},"end":{"line":32,"column":16}},"32":{"start":{"line":33,"column":0},"end":{"line":33,"column":26}},"33":{"start":{"line":34,"column":0},"end":{"line":34,"column":23}},"34":{"start":{"line":35,"column":0},"end":{"line":35,"column":2}},"35":{"start":{"line":36,"column":0},"end":{"line":36,"column":21}}},"s":{"0":1,"1":1,"2":1,"3":5,"4":5,"5":5,"6":1,"7":1,"8":3,"9":3,"10":3,"11":3,"12":3,"13":3,"14":3,"15":1,"16":1,"17":3,"18":1,"19":1,"20":2,"21":2,"22":1,"23":1,"24":5,"25":5,"26":5,"27":5,"28":5,"29":5,"30":1,"31":1,"32":1,"33":1,"34":1,"35":1},"branchMap":{"0":{"type":"branch","line":3,"loc":{"start":{"line":3,"column":9},"end":{"line":6,"column":3}},"locations":[{"start":{"line":3,"column":9},"end":{"line":6,"column":3}}]},"1":{"type":"branch","line":4,"loc":{"start":{"line":4,"column":23},"end":{"line":4,"column":58}},"locations":[{"start":{"line":4,"column":23},"end":{"line":4,"column":58}}]},"2":{"type":"branch","line":5,"loc":{"start":{"line":5,"column":-1},"end":{"line":5,"column":22}},"locations":[{"start":{"line":5,"column":-1},"end":{"line":5,"column":22}}]},"3":{"type":"branch","line":5,"loc":{"start":{"line":5,"column":22},"end":{"line":5,"column":56}},"locations":[{"start":{"line":5,"column":22},"end":{"line":5,"column":56}}]},"4":{"type":"branch","line":8,"loc":{"start":{"line":8,"column":9},"end":{"line":15,"column":3}},"locations":[{"start":{"line":8,"column":9},"end":{"line":15,"column":3}}]},"5":{"type":"branch","line":17,"loc":{"start":{"line":17,"column":9},"end":{"line":22,"column":3}},"locations":[{"start":{"line":17,"column":9},"end":{"line":22,"column":3}}]},"6":{"type":"branch","line":18,"loc":{"start":{"line":18,"column":66},"end":{"line":20,"column":7}},"locations":[{"start":{"line":18,"column":66},"end":{"line":20,"column":7}}]},"7":{"type":"branch","line":20,"loc":{"start":{"line":20,"column":6},"end":{"line":22,"column":3}},"locations":[{"start":{"line":20,"column":6},"end":{"line":22,"column":3}}]},"8":{"type":"branch","line":18,"loc":{"start":{"line":18,"column":44},"end":{"line":18,"column":64}},"locations":[{"start":{"line":18,"column":44},"end":{"line":18,"column":64}}]},"9":{"type":"branch","line":24,"loc":{"start":{"line":24,"column":9},"end":{"line":30,"column":3}},"locations":[{"start":{"line":24,"column":9},"end":{"line":30,"column":3}}]}},"b":{"0":[5],"1":[1],"2":[4],"3":[1],"4":[3],"5":[3],"6":[1],"7":[2],"8":[9],"9":[5]},"fnMap":{"0":{"name":"validate","decl":{"start":{"line":3,"column":9},"end":{"line":6,"column":3}},"loc":{"start":{"line":3,"column":9},"end":{"line":6,"column":3}},"line":3},"1":{"name":"format","decl":{"start":{"line":8,"column":9},"end":{"line":15,"column":3}},"loc":{"start":{"line":8,"column":9},"end":{"line":15,"column":3}},"line":8},"2":{"name":"save","decl":{"start":{"line":17,"column":9},"end":{"line":22,"column":3}},"loc":{"start":{"line":17,"column":9},"end":{"line":22,"column":3}},"line":17},"3":{"name":"process","decl":{"start":{"line":24,"column":9},"end":{"line":30,"column":3}},"loc":{"start":{"line":24,"column":9},"end":{"line":30,"column":3}},"line":24}},"f":{"0":5,"1":3,"2":3,"3":5}}
,"/Users/joaogoncalves/Desktop/portfolio-backend-nodejs/TAJS/modulo03-conceitos-tajs/aula06-e2e-tests/src/server.js": {"path":"/Users/joaogoncalves/Desktop/portfolio-backend-nodejs/TAJS/modulo03-conceitos-tajs/aula06-e2e-tests/src/server.js","all":false,"statementMap":{"0":{"start":{"line":1,"column":0},"end":{"line":1,"column":34}},"1":{"start":{"line":2,"column":0},"end":{"line":2,"column":40}},"2":{"start":{"line":3,"column":0},"end":{"line":3,"column":32}},"3":{"start":{"line":4,"column":0},"end":{"line":4,"column":58}},"4":{"start":{"line":5,"column":0},"end":{"line":5,"column":66}},"5":{"start":{"line":6,"column":0},"end":{"line":6,"column":31}},"6":{"start":{"line":7,"column":0},"end":{"line":7,"column":22}},"7":{"start":{"line":8,"column":0},"end":{"line":8,"column":15}},"8":{"start":{"line":9,"column":0},"end":{"line":9,"column":5}},"9":{"start":{"line":10,"column":0},"end":{"line":10,"column":0}},"10":{"start":{"line":11,"column":0},"end":{"line":11,"column":9}},"11":{"start":{"line":12,"column":0},"end":{"line":12,"column":61}},"12":{"start":{"line":13,"column":0},"end":{"line":13,"column":55}},"13":{"start":{"line":14,"column":0},"end":{"line":14,"column":55}},"14":{"start":{"line":15,"column":0},"end":{"line":15,"column":0}},"15":{"start":{"line":16,"column":0},"end":{"line":16,"column":21}},"16":{"start":{"line":17,"column":0},"end":{"line":17,"column":48}},"17":{"start":{"line":18,"column":0},"end":{"line":18,"column":35}},"18":{"start":{"line":19,"column":0},"end":{"line":19,"column":27}},"19":{"start":{"line":20,"column":0},"end":{"line":20,"column":32}},"20":{"start":{"line":21,"column":0},"end":{"line":21,"column":50}},"21":{"start":{"line":22,"column":0},"end":{"line":22,"column":18}},"22":{"start":{"line":23,"column":0},"end":{"line":23,"column":13}},"23":{"start":{"line":24,"column":0},"end":{"line":24,"column":26}},"24":{"start":{"line":25,"column":0},"end":{"line":25,"column":19}},"25":{"start":{"line":26,"column":0},"end":{"line":26,"column":9}},"26":{"start":{"line":27,"column":0},"end":{"line":27,"column":40}},"27":{"start":{"line":28,"column":0},"end":{"line":28,"column":31}},"28":{"start":{"line":29,"column":0},"end":{"line":29,"column":22}},"29":{"start":{"line":30,"column":0},"end":{"line":30,"column":5}},"30":{"start":{"line":31,"column":0},"end":{"line":31,"column":2}},"31":{"start":{"line":32,"column":0},"end":{"line":32,"column":0}},"32":{"start":{"line":33,"column":0},"end":{"line":33,"column":21}}},"s":{"0":1,"1":1,"2":1,"3":1,"4":5,"5":1,"6":1,"7":1,"8":1,"9":4,"10":4,"11":4,"12":4,"13":4,"14":4,"15":5,"16":3,"17":2,"18":2,"19":2,"20":2,"21":2,"22":2,"23":2,"24":2,"25":2,"26":1,"27":1,"28":1,"29":1,"30":5,"31":1,"32":1},"branchMap":{"0":{"type":"branch","line":4,"loc":{"start":{"line":4,"column":28},"end":{"line":31,"column":2}},"locations":[{"start":{"line":4,"column":28},"end":{"line":31,"column":2}}]},"1":{"type":"branch","line":5,"loc":{"start":{"line":5,"column":65},"end":{"line":9,"column":5}},"locations":[{"start":{"line":5,"column":65},"end":{"line":9,"column":5}}]},"2":{"type":"branch","line":9,"loc":{"start":{"line":9,"column":4},"end":{"line":16,"column":6}},"locations":[{"start":{"line":9,"column":4},"end":{"line":16,"column":6}}]},"3":{"type":"branch","line":16,"loc":{"start":{"line":16,"column":6},"end":{"line":30,"column":5}},"locations":[{"start":{"line":16,"column":6},"end":{"line":30,"column":5}}]},"4":{"type":"branch","line":17,"loc":{"start":{"line":17,"column":47},"end":{"line":26,"column":9}},"locations":[{"start":{"line":17,"column":47},"end":{"line":26,"column":9}}]},"5":{"type":"branch","line":26,"loc":{"start":{"line":26,"column":8},"end":{"line":30,"column":5}},"locations":[{"start":{"line":26,"column":8},"end":{"line":30,"column":5}}]}},"b":{"0":[5],"1":[1],"2":[4],"3":[3],"4":[2],"5":[1]},"fnMap":{},"f":{}}
}
