TN:
SF:src/index.js
FNF:0
FNH:0
DA:1,1
DA:2,1
DA:3,1
DA:4,1
DA:5,1
DA:6,1
DA:7,1
DA:8,1
DA:9,1
LF:9
LH:9
BRDA:4,0,0,1
BRF:1
BRH:1
end_of_record
TN:
SF:src/person.js
FN:3,validate
FN:8,format
FN:17,save
FN:24,process
FNF:4
FNH:4
FNDA:5,validate
FNDA:3,format
FNDA:3,save
FNDA:5,process
DA:1,1
DA:2,1
DA:3,1
DA:4,5
DA:5,5
DA:6,5
DA:7,1
DA:8,1
DA:9,3
DA:10,3
DA:11,3
DA:12,3
DA:13,3
DA:14,3
DA:15,3
DA:16,1
DA:17,1
DA:18,3
DA:19,1
DA:20,1
DA:21,2
DA:22,2
DA:23,1
DA:24,1
DA:25,5
DA:26,5
DA:27,5
DA:28,5
DA:29,5
DA:30,5
DA:31,1
DA:32,1
DA:33,1
DA:34,1
DA:35,1
DA:36,1
LF:36
LH:36
BRDA:3,0,0,5
BRDA:4,1,0,1
BRDA:5,2,0,4
BRDA:5,3,0,1
BRDA:8,4,0,3
BRDA:17,5,0,3
BRDA:18,6,0,1
BRDA:20,7,0,2
BRDA:18,8,0,9
BRDA:24,9,0,5
BRF:10
BRH:10
end_of_record
TN:
SF:src/server.js
FNF:0
FNH:0
DA:1,1
DA:2,1
DA:3,1
DA:4,1
DA:5,5
DA:6,1
DA:7,1
DA:8,1
DA:9,1
DA:10,4
DA:11,4
DA:12,4
DA:13,4
DA:14,4
DA:15,4
DA:16,5
DA:17,3
DA:18,2
DA:19,2
DA:20,2
DA:21,2
DA:22,2
DA:23,2
DA:24,2
DA:25,2
DA:26,2
DA:27,1
DA:28,1
DA:29,1
DA:30,1
DA:31,5
DA:32,1
DA:33,1
LF:33
LH:33
BRDA:4,0,0,5
BRDA:5,1,0,1
BRDA:9,2,0,4
BRDA:16,3,0,3
BRDA:17,4,0,2
BRDA:26,5,0,1
BRF:6
BRH:6
end_of_record
