<?xml version="1.0" encoding="UTF-8"?>
<coverage generated="1714699001340" clover="3.2.0">
  <project timestamp="1714699001340" name="All files">
    <metrics statements="8" coveredstatements="8" conditionals="1" coveredconditionals="1" methods="1" coveredmethods="1" elements="10" coveredelements="10" complexity="0" loc="8" ncloc="8" packages="1" files="1" classes="1"/>
    <file name="person.js" path="/Users/joaogoncalves/Desktop/portfolio-backend-nodejs/TAJS/modulo03-conceitos-tajs/aula05-code-coverage/src/person.js">
      <metrics statements="8" coveredstatements="8" conditionals="1" coveredconditionals="1" methods="1" coveredmethods="1"/>
      <line num="1" count="1" type="cond" truecount="1" falsecount="0"/>
      <line num="2" count="3" type="stmt"/>
      <line num="3" count="3" type="stmt"/>
      <line num="4" count="3" type="stmt"/>
      <line num="5" count="3" type="stmt"/>
      <line num="6" count="3" type="stmt"/>
      <line num="7" count="3" type="stmt"/>
      <line num="8" count="3" type="stmt"/>
    </file>
  </project>
</coverage>
