{"/Users/joaogoncalves/Desktop/portfolio-backend-nodejs/TAJS/modulo03-conceitos-tajs/aula05-code-coverage/src/person.js": {"path":"/Users/joaogoncalves/Desktop/portfolio-backend-nodejs/TAJS/modulo03-conceitos-tajs/aula05-code-coverage/src/person.js","all":false,"statementMap":{"0":{"start":{"line":1,"column":0},"end":{"line":1,"column":41}},"1":{"start":{"line":2,"column":0},"end":{"line":2,"column":45}},"2":{"start":{"line":3,"column":0},"end":{"line":3,"column":10}},"3":{"start":{"line":4,"column":0},"end":{"line":4,"column":9}},"4":{"start":{"line":5,"column":0},"end":{"line":5,"column":8}},"5":{"start":{"line":6,"column":0},"end":{"line":6,"column":25}},"6":{"start":{"line":7,"column":0},"end":{"line":7,"column":3}},"7":{"start":{"line":8,"column":0},"end":{"line":8,"column":1}}},"s":{"0":1,"1":3,"2":3,"3":3,"4":3,"5":3,"6":3,"7":3},"branchMap":{"0":{"type":"branch","line":1,"loc":{"start":{"line":1,"column":26},"end":{"line":8,"column":1}},"locations":[{"start":{"line":1,"column":26},"end":{"line":8,"column":1}}]}},"b":{"0":[3]},"fnMap":{"0":{"name":"mapPerson","decl":{"start":{"line":1,"column":26},"end":{"line":8,"column":1}},"loc":{"start":{"line":1,"column":26},"end":{"line":8,"column":1}},"line":1}},"f":{"0":3}}
}
